C51 COMPILER V9.55   DS1302                                                                04/02/2023 16:18:54 PAGE 1   


C51 COMPILER V9.55, COMPILATION OF MODULE DS1302
OBJECT MODULE PLACED IN .\Objects\ds1302.obj
COMPILER INVOKED BY: D:\keil5\C51\BIN\C51.EXE ds1302.c OPTIMIZE(8,SPEED) BROWSE DEBUG OBJECTEXTEND PRINT(.\Listings\ds13
                    -02.lst) TABS(2) OBJECT(.\Objects\ds1302.obj)

line level    source

   1          /*
   2            ≥ћ–тЋµ√ч: DS1302«эґѓ≥ћ–т
   3            »нЉюїЈЊ≥: Keil uVision 4.10 
   4            ”≤ЉюїЈЊ≥: CT107µ•∆ђїъ„џЇѕ µ—µ∆љћ® 8051£ђ12MHz
   5            »’    ∆Џ: 2011-8-9
   6          */
   7          
   8          #include "ds1302.h"
   9          #include "intrins.h"
  10          sbit SCK=P1^7;// ±–т    
  11          sbit SDA=P2^3;// эЊЁѕя
  12          sbit RST = P1^3;//њЎ÷∆ эЊЁ ±Љд–≈Ї≈ д»лµƒњ™ Љ”лљб ш                    
  13          
  14          void Write_Ds1302(unsigned  char temp) 
  15          {
  16   1        unsigned char i;
  17   1        for (i=0;i<8;i++)       
  18   1        { 
  19   2          SCK=0;
  20   2          SDA=temp&0x01;
  21   2          temp>>=1; 
  22   2          SCK=1;
  23   2        }
  24   1      }   
  25          
  26          void Write_Ds1302_Byte( unsigned char address,unsigned char dat )     
  27          {
  28   1        RST=0;  _nop_();
  29   1        SCK=0;  _nop_();
  30   1        RST=1;  _nop_();  
  31   1        Write_Ds1302(address);  
  32   1        Write_Ds1302(dat);    
  33   1        RST=0; 
  34   1      }
  35          
  36          unsigned char Read_Ds1302_Byte ( unsigned char address )
  37          {
  38   1        unsigned char i,temp=0x00;
  39   1        RST=0;  _nop_();
  40   1        SCK=0;  _nop_();
  41   1        RST=1;  _nop_();
  42   1        Write_Ds1302(address);
  43   1        for (i=0;i<8;i++)   
  44   1        {   
  45   2          SCK=0;
  46   2          temp>>=1; 
  47   2          if(SDA)
  48   2          temp|=0x80; 
  49   2          SCK=1;
  50   2        } 
  51   1        RST=0;  _nop_();
  52   1        SCK=0;  _nop_();
  53   1        SDA=0;  _nop_();
  54   1        return (temp);      
C51 COMPILER V9.55   DS1302                                                                04/02/2023 16:18:54 PAGE 2   

  55   1      }
  56          // …и÷√ ±÷”
  57          //unsigned char code READ_RTC_ADDR[7] = {0x81, 0x83, 0x85, 0x87, 0x89, 0x8b, 0x8d};Ј÷±рќ™√л£ђЈ÷£ђ ±£ђ»’£ђ‘
             -¬£ђ–«∆Џ£ђƒк°£
  58          //unsigned char code WRITE_RTC_ADDR[7] = {0x80, 0x82, 0x84, 0x86, 0x88, 0x8a, 0x8c};Ј÷±рќ™√л£ђЈ÷£ђ ±£ђ»’£ђ
             -‘¬£ђ–«∆Џ£ђƒк°£
  59          void Set_RTC(unsigned char* pucRtc)
  60          {
  61   1        unsigned char temp;
  62   1      
  63   1        Write_Ds1302_Byte(0x8E, 0);               // WP=0£Ї‘ –н–і≤ў„ч
  64   1        temp = ((pucRtc[0]/10)<<4)+pucRtc[0]%10;
  65   1        Write_Ds1302_Byte(0x84, temp);            // …и÷√ ±
  66   1        temp = ((pucRtc[1]/10)<<4)+pucRtc[1]%10;
  67   1        Write_Ds1302_Byte(0x82, temp);            // …и÷√Ј÷
  68   1        temp = ((pucRtc[2]/10)<<4)+pucRtc[2]%10;
  69   1        Write_Ds1302_Byte(0x80, temp);            // …и÷√√л
  70   1        Write_Ds1302_Byte(0x8E, 0x80);              // WP=1£Їљы÷є–і≤ў„ч
  71   1      }
  72          // ґЅ»° ±÷”
  73          void Read_RTC(unsigned char* pucRtc)
  74          {
  75   1        unsigned char temp;
  76   1      
  77   1        temp = Read_Ds1302_Byte(0x85);            // ґЅ»° ±
  78   1        pucRtc[0] = (temp>>4)*10+(temp&0xf);//0xfЊЌ «0x0f«∞√жµƒ0њ…“‘ °Їу√жµƒ≤ї––
  79   1        temp = Read_Ds1302_Byte(0x83);            // ґЅ»°Ј÷
  80   1        pucRtc[1] = (temp>>4)*10+(temp&0xf);
  81   1        temp = Read_Ds1302_Byte(0x81);            // ґЅ»°√л
  82   1        pucRtc[2] = (temp>>4)*10+(temp&0xf);
  83   1      }


MODULE INFORMATION:   STATIC OVERLAYABLE
   CODE SIZE        =    244    ----
   CONSTANT SIZE    =   ----    ----
   XDATA SIZE       =   ----    ----
   PDATA SIZE       =   ----    ----
   DATA SIZE        =   ----    ----
   IDATA SIZE       =   ----    ----
   BIT SIZE         =   ----    ----
END OF MODULE INFORMATION.


C51 COMPILATION COMPLETE.  0 WARNING(S),  0 ERROR(S)
