C51 COMPILER V9.55   UART                                                                  04/02/2023 16:18:54 PAGE 1   


C51 COMPILER V9.55, COMPILATION OF MODULE UART
OBJECT MODULE PLACED IN .\Objects\uart.obj
COMPILER INVOKED BY: D:\keil5\C51\BIN\C51.EXE uart.c OPTIMIZE(8,SPEED) BROWSE DEBUG OBJECTEXTEND PRINT(.\Listings\uart.l
                    -st) TABS(2) OBJECT(.\Objects\uart.obj)

line level    source

   1          #include "uart.h"
   2          
   3          void UartInit(void)         //4800bps@12.000MHz
   4          { 
   5   1        SCON = 0x50;            // 8位数据,可变波特率
   6   1        AUXR |= 0x01;           // 串口1选择定时器2为波特率发生器
   7   1        AUXR |= 0x04;           // 定时器2时钟为Fosc, 即1T
   8   1        T2L = 0x8F;           // 设定定时初值
   9   1        T2H = 0xFD;             // 设定定时初值
  10   1        AUXR |= 0x10;           // 启动定时器2
  11   1        ES = 1;             // 允许串口中断
  12   1      }
  13          
  14          void Uart_Sendstring(unsigned char *pucStr)//0代表可收发，1代表收发完成
  15          {
  16   1        while(*pucStr != '\0')
  17   1        {
  18   2          SBUF = *pucStr;
  19   2          while(TI == 0);
  20   2          TI = 0;
  21   2          pucStr++;
  22   2        }
  23   1      }


MODULE INFORMATION:   STATIC OVERLAYABLE
   CODE SIZE        =     43    ----
   CONSTANT SIZE    =   ----    ----
   XDATA SIZE       =   ----    ----
   PDATA SIZE       =   ----    ----
   DATA SIZE        =   ----    ----
   IDATA SIZE       =   ----    ----
   BIT SIZE         =   ----    ----
END OF MODULE INFORMATION.


C51 COMPILATION COMPLETE.  0 WARNING(S),  0 ERROR(S)
